  [1m[36m (124.4ms)[0m  [1mCREATE TABLE "schema_migrations" ("version" varchar(255) NOT NULL) [0m
  [1m[35m (0.3ms)[0m  select sqlite_version(*)
  [1m[36m (122.6ms)[0m  [1mCREATE UNIQUE INDEX "unique_schema_migrations" ON "schema_migrations" ("version")[0m
  [1m[35mActiveRecord::SchemaMigration Load (0.2ms)[0m  SELECT "schema_migrations".* FROM "schema_migrations"
Migrating to CreateComentarios (20140930203452)
  [1m[36m (0.2ms)[0m  [1mbegin transaction[0m
  [1m[35m (0.6ms)[0m  CREATE TABLE "comentarios" ("id" INTEGER PRIMARY KEY AUTOINCREMENT NOT NULL, "comentario" varchar(255), "puntos" integer, "created_at" datetime, "updated_at" datetime) 
  [1m[36mSQL (0.3ms)[0m  [1mINSERT INTO "schema_migrations" ("version") VALUES (?)[0m  [["version", "20140930203452"]]
  [1m[35m (136.1ms)[0m  commit transaction
Migrating to CreatePlatos (20140930203638)
  [1m[36m (0.1ms)[0m  [1mbegin transaction[0m
  [1m[35m (0.5ms)[0m  CREATE TABLE "platos" ("id" INTEGER PRIMARY KEY AUTOINCREMENT NOT NULL, "nombre" varchar(255), "precio" integer, "categoria" varchar(255), "tipo" varchar(255), "calificaciones" integer, "total" integer, "created_at" datetime, "updated_at" datetime) 
  [1m[36mSQL (0.2ms)[0m  [1mINSERT INTO "schema_migrations" ("version") VALUES (?)[0m  [["version", "20140930203638"]]
  [1m[35m (121.7ms)[0m  commit transaction
Migrating to CreateSnacks (20140930203717)
  [1m[36m (0.2ms)[0m  [1mbegin transaction[0m
  [1m[35m (0.8ms)[0m  CREATE TABLE "snacks" ("id" INTEGER PRIMARY KEY AUTOINCREMENT NOT NULL, "nombre" varchar(255), "precio" integer, "created_at" datetime, "updated_at" datetime) 
  [1m[36mSQL (0.3ms)[0m  [1mINSERT INTO "schema_migrations" ("version") VALUES (?)[0m  [["version", "20140930203717"]]
  [1m[35m (129.6ms)[0m  commit transaction
Migrating to CreateSodas (20140930203816)
  [1m[36m (0.2ms)[0m  [1mbegin transaction[0m
  [1m[35m (0.7ms)[0m  CREATE TABLE "sodas" ("id" INTEGER PRIMARY KEY AUTOINCREMENT NOT NULL, "nombre" varchar(255), "abre" time, "cierra" time, "iDesayuno" time, "fDesayuno" time, "iAlmuerzo" time, "fAlmuerzo" time, "iCena" time, "fCena" time, "created_at" datetime, "updated_at" datetime) 
  [1m[36mSQL (0.3ms)[0m  [1mINSERT INTO "schema_migrations" ("version") VALUES (?)[0m  [["version", "20140930203816"]]
  [1m[35m (140.9ms)[0m  commit transaction
Migrating to CreateUsuarios (20140930203854)
  [1m[36m (0.2ms)[0m  [1mbegin transaction[0m
  [1m[35m (0.8ms)[0m  CREATE TABLE "usuarios" ("id" INTEGER PRIMARY KEY AUTOINCREMENT NOT NULL, "nombre" varchar(255), "direccion" varchar(255), "created_at" datetime, "updated_at" datetime) 
  [1m[36mSQL (0.2ms)[0m  [1mINSERT INTO "schema_migrations" ("version") VALUES (?)[0m  [["version", "20140930203854"]]
  [1m[35m (108.0ms)[0m  commit transaction
  [1m[36mActiveRecord::SchemaMigration Load (0.2ms)[0m  [1mSELECT "schema_migrations".* FROM "schema_migrations"[0m
  [1m[36mActiveRecord::SchemaMigration Load (0.1ms)[0m  [1mSELECT "schema_migrations".* FROM "schema_migrations"[0m
  [1m[35mActiveRecord::SchemaMigration Load (0.1ms)[0m  SELECT "schema_migrations".* FROM "schema_migrations"
  [1m[36mActiveRecord::SchemaMigration Load (0.1ms)[0m  [1mSELECT "schema_migrations".* FROM "schema_migrations"[0m
  [1m[35mActiveRecord::SchemaMigration Load (0.1ms)[0m  SELECT "schema_migrations".* FROM "schema_migrations"
  [1m[36mActiveRecord::SchemaMigration Load (0.1ms)[0m  [1mSELECT "schema_migrations".* FROM "schema_migrations"[0m
  [1m[35mActiveRecord::SchemaMigration Load (0.1ms)[0m  SELECT "schema_migrations".* FROM "schema_migrations"
  [1m[36m (0.2ms)[0m  [1mSELECT version FROM schema_migrations[0m
  [1m[36mActiveRecord::SchemaMigration Load (0.1ms)[0m  [1mSELECT "schema_migrations".* FROM "schema_migrations"[0m
  [1m[35mActiveRecord::SchemaMigration Load (0.1ms)[0m  SELECT "schema_migrations".* FROM "schema_migrations"
Migrating to CreateUsuarios (20140930203854)
  [1m[36m (0.1ms)[0m  [1mbegin transaction[0m
  [1m[35m (0.8ms)[0m  DROP TABLE "usuarios"
  [1m[36mSQL (0.3ms)[0m  [1mDELETE FROM "schema_migrations" WHERE "schema_migrations"."version" = '20140930203854'[0m
  [1m[35m (137.4ms)[0m  commit transaction
  [1m[36mActiveRecord::SchemaMigration Load (0.2ms)[0m  [1mSELECT "schema_migrations".* FROM "schema_migrations"[0m
  [1m[36m (0.2ms)[0m  [1mSELECT version FROM schema_migrations[0m
  [1m[36mActiveRecord::SchemaMigration Load (0.1ms)[0m  [1mSELECT "schema_migrations".* FROM "schema_migrations"[0m
Migrating to CreateUsuarios (20140930203854)
  [1m[35m (0.1ms)[0m  begin transaction
  [1m[36m (0.9ms)[0m  [1mCREATE TABLE "usuarios" ("id" INTEGER PRIMARY KEY AUTOINCREMENT NOT NULL, "nombre" varchar(255), "direccion" varchar(255), "created_at" datetime, "updated_at" datetime) [0m
  [1m[35mSQL (0.4ms)[0m  INSERT INTO "schema_migrations" ("version") VALUES (?)  [["version", "20140930203854"]]
  [1m[36m (121.1ms)[0m  [1mcommit transaction[0m
  [1m[35mActiveRecord::SchemaMigration Load (0.2ms)[0m  SELECT "schema_migrations".* FROM "schema_migrations"
  [1m[36mActiveRecord::SchemaMigration Load (0.1ms)[0m  [1mSELECT "schema_migrations".* FROM "schema_migrations"[0m
  [1m[35mActiveRecord::SchemaMigration Load (0.1ms)[0m  SELECT "schema_migrations".* FROM "schema_migrations"
Migrating to CreateUsuarios (20140930203854)
  [1m[36m (0.1ms)[0m  [1mbegin transaction[0m
  [1m[35m (0.6ms)[0m  DROP TABLE "usuarios"
  [1m[36mSQL (0.2ms)[0m  [1mDELETE FROM "schema_migrations" WHERE "schema_migrations"."version" = '20140930203854'[0m
  [1m[35m (147.2ms)[0m  commit transaction
  [1m[36mActiveRecord::SchemaMigration Load (0.3ms)[0m  [1mSELECT "schema_migrations".* FROM "schema_migrations"[0m
  [1m[36mActiveRecord::SchemaMigration Load (0.1ms)[0m  [1mSELECT "schema_migrations".* FROM "schema_migrations"[0m
  [1m[35mActiveRecord::SchemaMigration Load (0.1ms)[0m  SELECT "schema_migrations".* FROM "schema_migrations"
Migrating to CreateSodas (20140930203816)
  [1m[36m (0.1ms)[0m  [1mbegin transaction[0m
  [1m[35m (0.7ms)[0m  DROP TABLE "sodas"
  [1m[36mSQL (0.2ms)[0m  [1mDELETE FROM "schema_migrations" WHERE "schema_migrations"."version" = '20140930203816'[0m
  [1m[35m (136.6ms)[0m  commit transaction
  [1m[36mActiveRecord::SchemaMigration Load (0.2ms)[0m  [1mSELECT "schema_migrations".* FROM "schema_migrations"[0m
  [1m[36mActiveRecord::SchemaMigration Load (0.1ms)[0m  [1mSELECT "schema_migrations".* FROM "schema_migrations"[0m
  [1m[35mActiveRecord::SchemaMigration Load (0.1ms)[0m  SELECT "schema_migrations".* FROM "schema_migrations"
Migrating to CreateSnacks (20140930203717)
  [1m[36m (0.1ms)[0m  [1mbegin transaction[0m
  [1m[35m (0.7ms)[0m  DROP TABLE "snacks"
  [1m[36mSQL (0.2ms)[0m  [1mDELETE FROM "schema_migrations" WHERE "schema_migrations"."version" = '20140930203717'[0m
  [1m[35m (131.2ms)[0m  commit transaction
  [1m[36mActiveRecord::SchemaMigration Load (0.2ms)[0m  [1mSELECT "schema_migrations".* FROM "schema_migrations"[0m
  [1m[36mActiveRecord::SchemaMigration Load (0.1ms)[0m  [1mSELECT "schema_migrations".* FROM "schema_migrations"[0m
  [1m[35mActiveRecord::SchemaMigration Load (0.1ms)[0m  SELECT "schema_migrations".* FROM "schema_migrations"
Migrating to CreatePlatos (20140930203638)
  [1m[36m (0.1ms)[0m  [1mbegin transaction[0m
  [1m[35m (0.6ms)[0m  DROP TABLE "platos"
  [1m[36mSQL (0.2ms)[0m  [1mDELETE FROM "schema_migrations" WHERE "schema_migrations"."version" = '20140930203638'[0m
  [1m[35m (223.8ms)[0m  commit transaction
  [1m[36mActiveRecord::SchemaMigration Load (0.1ms)[0m  [1mSELECT "schema_migrations".* FROM "schema_migrations"[0m
  [1m[36mActiveRecord::SchemaMigration Load (0.1ms)[0m  [1mSELECT "schema_migrations".* FROM "schema_migrations"[0m
  [1m[35mActiveRecord::SchemaMigration Load (0.2ms)[0m  SELECT "schema_migrations".* FROM "schema_migrations"
Migrating to CreateComentarios (20140930203452)
  [1m[36m (0.1ms)[0m  [1mbegin transaction[0m
  [1m[35m (0.6ms)[0m  DROP TABLE "comentarios"
  [1m[36mSQL (0.2ms)[0m  [1mDELETE FROM "schema_migrations" WHERE "schema_migrations"."version" = '20140930203452'[0m
  [1m[35m (542.1ms)[0m  commit transaction
  [1m[36mActiveRecord::SchemaMigration Load (0.1ms)[0m  [1mSELECT "schema_migrations".* FROM "schema_migrations"[0m
  [1m[36mActiveRecord::SchemaMigration Load (0.1ms)[0m  [1mSELECT "schema_migrations".* FROM "schema_migrations"[0m
  [1m[35mActiveRecord::SchemaMigration Load (0.1ms)[0m  SELECT "schema_migrations".* FROM "schema_migrations"
  [1m[36mActiveRecord::SchemaMigration Load (0.1ms)[0m  [1mSELECT "schema_migrations".* FROM "schema_migrations"[0m
Migrating to CreateComentarios (20140930203452)
  [1m[35m (0.1ms)[0m  begin transaction
  [1m[36m (0.7ms)[0m  [1mCREATE TABLE "comentarios" ("id" INTEGER PRIMARY KEY AUTOINCREMENT NOT NULL, "usuario_id" integer, "plato_id" integer, "comentario" varchar(255), "puntos" integer, "created_at" datetime, "updated_at" datetime) [0m
  [1m[35mSQL (0.3ms)[0m  INSERT INTO "schema_migrations" ("version") VALUES (?)  [["version", "20140930203452"]]
  [1m[36m (111.0ms)[0m  [1mcommit transaction[0m
Migrating to CreatePlatos (20140930203638)
  [1m[35m (0.2ms)[0m  begin transaction
  [1m[36m (0.5ms)[0m  [1mCREATE TABLE "platos" ("id" INTEGER PRIMARY KEY AUTOINCREMENT NOT NULL, "soda_id" integer, "nombre" varchar(255), "precio" integer, "categoria" varchar(255), "tipo" varchar(255), "calificaciones" integer, "total" integer, "created_at" datetime, "updated_at" datetime) [0m
  [1m[35mSQL (0.2ms)[0m  INSERT INTO "schema_migrations" ("version") VALUES (?)  [["version", "20140930203638"]]
  [1m[36m (132.4ms)[0m  [1mcommit transaction[0m
Migrating to CreateSnacks (20140930203717)
  [1m[35m (0.2ms)[0m  begin transaction
  [1m[36m (0.8ms)[0m  [1mCREATE TABLE "snacks" ("id" INTEGER PRIMARY KEY AUTOINCREMENT NOT NULL, "soda_id" integer, "nombre" varchar(255), "precio" integer, "created_at" datetime, "updated_at" datetime) [0m
  [1m[35mSQL (0.3ms)[0m  INSERT INTO "schema_migrations" ("version") VALUES (?)  [["version", "20140930203717"]]
  [1m[36m (140.8ms)[0m  [1mcommit transaction[0m
Migrating to CreateSodas (20140930203816)
  [1m[35m (0.2ms)[0m  begin transaction
  [1m[36m (0.8ms)[0m  [1mCREATE TABLE "sodas" ("id" INTEGER PRIMARY KEY AUTOINCREMENT NOT NULL, "nombre" varchar(255), "abre" time, "cierra" time, "iDesayuno" time, "fDesayuno" time, "iAlmuerzo" time, "fAlmuerzo" time, "iCena" time, "fCena" time, "created_at" datetime, "updated_at" datetime) [0m
  [1m[35mSQL (0.2ms)[0m  INSERT INTO "schema_migrations" ("version") VALUES (?)  [["version", "20140930203816"]]
  [1m[36m (219.4ms)[0m  [1mcommit transaction[0m
Migrating to CreateUsuarios (20140930203854)
  [1m[35m (0.2ms)[0m  begin transaction
  [1m[36m (0.8ms)[0m  [1mCREATE TABLE "usuarios" ("id" INTEGER PRIMARY KEY AUTOINCREMENT NOT NULL, "nombre" varchar(255), "direccion" varchar(255), "created_at" datetime, "updated_at" datetime) [0m
  [1m[35mSQL (0.2ms)[0m  INSERT INTO "schema_migrations" ("version") VALUES (?)  [["version", "20140930203854"]]
  [1m[36m (119.2ms)[0m  [1mcommit transaction[0m
  [1m[35mActiveRecord::SchemaMigration Load (0.2ms)[0m  SELECT "schema_migrations".* FROM "schema_migrations"
  [1m[36mActiveRecord::SchemaMigration Load (0.2ms)[0m  [1mSELECT "schema_migrations".* FROM "schema_migrations"[0m
  [1m[35mActiveRecord::SchemaMigration Load (0.3ms)[0m  SELECT "schema_migrations".* FROM "schema_migrations"
  [1m[36mActiveRecord::SchemaMigration Load (0.1ms)[0m  [1mSELECT "schema_migrations".* FROM "schema_migrations"[0m
Migrating to AddLongToSodas (20141003194012)
  [1m[35m (0.2ms)[0m  begin transaction
  [1m[36m (23.0ms)[0m  [1mALTER TABLE "sodas" ADD "long" double[0m
  [1m[35mSQL (0.7ms)[0m  INSERT INTO "schema_migrations" ("version") VALUES (?)  [["version", "20141003194012"]]
  [1m[36m (149.1ms)[0m  [1mcommit transaction[0m
Migrating to AddLatToSodas (20141003194024)
  [1m[35m (0.2ms)[0m  begin transaction
  [1m[36m (0.9ms)[0m  [1mALTER TABLE "sodas" ADD "lat" double[0m
  [1m[35mSQL (0.3ms)[0m  INSERT INTO "schema_migrations" ("version") VALUES (?)  [["version", "20141003194024"]]
  [1m[36m (107.7ms)[0m  [1mcommit transaction[0m
  [1m[35mActiveRecord::SchemaMigration Load (0.3ms)[0m  SELECT "schema_migrations".* FROM "schema_migrations"
  [1m[36mActiveRecord::SchemaMigration Load (0.1ms)[0m  [1mSELECT "schema_migrations".* FROM "schema_migrations"[0m
  [1m[35mActiveRecord::SchemaMigration Load (0.1ms)[0m  SELECT "schema_migrations".* FROM "schema_migrations"


Started GET "/" for 127.0.0.1 at 2014-10-03 19:37:26 -0600
  [1m[36mActiveRecord::SchemaMigration Load (0.2ms)[0m  [1mSELECT "schema_migrations".* FROM "schema_migrations"[0m
Processing by Rails::WelcomeController#index as HTML
  Rendered /usr/local/rvm/gems/ruby-2.1.2/gems/railties-4.1.6/lib/rails/templates/rails/welcome/index.html.erb (3.0ms)
Completed 200 OK in 71ms (Views: 70.1ms | ActiveRecord: 0.0ms)


Started GET "/sodas" for 127.0.0.1 at 2014-10-03 19:37:39 -0600

ActionController::RoutingError (No route matches [GET] "/sodas"):
  actionpack (4.1.6) lib/action_dispatch/middleware/debug_exceptions.rb:21:in `call'
  actionpack (4.1.6) lib/action_dispatch/middleware/show_exceptions.rb:30:in `call'
  railties (4.1.6) lib/rails/rack/logger.rb:38:in `call_app'
  railties (4.1.6) lib/rails/rack/logger.rb:20:in `block in call'
  activesupport (4.1.6) lib/active_support/tagged_logging.rb:68:in `block in tagged'
  activesupport (4.1.6) lib/active_support/tagged_logging.rb:26:in `tagged'
  activesupport (4.1.6) lib/active_support/tagged_logging.rb:68:in `tagged'
  railties (4.1.6) lib/rails/rack/logger.rb:20:in `call'
  actionpack (4.1.6) lib/action_dispatch/middleware/request_id.rb:21:in `call'
  rack (1.5.2) lib/rack/runtime.rb:17:in `call'
  activesupport (4.1.6) lib/active_support/cache/strategy/local_cache_middleware.rb:26:in `call'
  rack (1.5.2) lib/rack/lock.rb:17:in `call'
  actionpack (4.1.6) lib/action_dispatch/middleware/static.rb:64:in `call'
  railties (4.1.6) lib/rails/engine.rb:514:in `call'
  railties (4.1.6) lib/rails/application.rb:144:in `call'
  rack (1.5.2) lib/rack/lock.rb:17:in `call'
  rack (1.5.2) lib/rack/content_length.rb:14:in `call'
  rack (1.5.2) lib/rack/handler/webrick.rb:60:in `service'
  /usr/local/rvm/rubies/ruby-2.1.2/lib/ruby/2.1.0/webrick/httpserver.rb:138:in `service'
  /usr/local/rvm/rubies/ruby-2.1.2/lib/ruby/2.1.0/webrick/httpserver.rb:94:in `run'
  /usr/local/rvm/rubies/ruby-2.1.2/lib/ruby/2.1.0/webrick/server.rb:295:in `block in start_thread'


  Rendered /usr/local/rvm/gems/ruby-2.1.2/gems/actionpack-4.1.6/lib/action_dispatch/middleware/templates/rescues/_trace.html.erb (1.9ms)
  Rendered /usr/local/rvm/gems/ruby-2.1.2/gems/actionpack-4.1.6/lib/action_dispatch/middleware/templates/routes/_table.html.erb (29.7ms)
  Rendered /usr/local/rvm/gems/ruby-2.1.2/gems/actionpack-4.1.6/lib/action_dispatch/middleware/templates/rescues/routing_error.html.erb within rescues/layout (66.7ms)


Started GET "/sodas" for 127.0.0.1 at 2014-10-03 19:39:34 -0600

SyntaxError (/home/llamiro/Documents/UCR/II-2014/Inge2/DBAPI/UmenU/dbconfig/app/controllers/sodas_controller.rb:15: syntax error, unexpected ')', expecting =>
/home/llamiro/Documents/UCR/II-2014/Inge2/DBAPI/UmenU/dbconfig/app/controllers/sodas_controller.rb:54: syntax error, unexpected end-of-input, expecting keyword_end):
  app/controllers/sodas_controller.rb:15: syntax error, unexpected ')', expecting =>
  app/controllers/sodas_controller.rb:54: syntax error, unexpected end-of-input, expecting keyword_end


  Rendered /usr/local/rvm/gems/ruby-2.1.2/gems/actionpack-4.1.6/lib/action_dispatch/middleware/templates/rescues/_source.erb (2.1ms)
  Rendered /usr/local/rvm/gems/ruby-2.1.2/gems/actionpack-4.1.6/lib/action_dispatch/middleware/templates/rescues/_trace.html.erb (2.0ms)
  Rendered /usr/local/rvm/gems/ruby-2.1.2/gems/actionpack-4.1.6/lib/action_dispatch/middleware/templates/rescues/_request_and_response.html.erb (2.7ms)
  Rendered /usr/local/rvm/gems/ruby-2.1.2/gems/actionpack-4.1.6/lib/action_dispatch/middleware/templates/rescues/diagnostics.erb within rescues/layout (35.3ms)


Started GET "/sodas" for 127.0.0.1 at 2014-10-03 19:41:01 -0600
Processing by SodasController#index as HTML
  [1m[35mSoda Load (0.7ms)[0m  SELECT "sodas".* FROM "sodas"
Completed 200 OK in 45ms (Views: 1.0ms | ActiveRecord: 0.7ms)


Started GET "/comentarios" for 127.0.0.1 at 2014-10-03 19:41:58 -0600
Processing by ComentariosController#index as HTML
  [1m[36mComentario Load (0.7ms)[0m  [1mSELECT "comentarios".* FROM "comentarios"[0m
Completed 200 OK in 72ms (Views: 4.9ms | ActiveRecord: 0.7ms)


Started GET "/platos" for 127.0.0.1 at 2014-10-03 19:42:07 -0600

SyntaxError (/home/llamiro/Documents/UCR/II-2014/Inge2/DBAPI/UmenU/dbconfig/app/controllers/platos_controller.rb:15: syntax error, unexpected tIDENTIFIER, expecting ')'
...iones, :total, :id_soda]include: [comentario:{only: [:id]}])
...                               ^
/home/llamiro/Documents/UCR/II-2014/Inge2/DBAPI/UmenU/dbconfig/app/controllers/platos_controller.rb:15: syntax error, unexpected ')', expecting keyword_end
/home/llamiro/Documents/UCR/II-2014/Inge2/DBAPI/UmenU/dbconfig/app/controllers/platos_controller.rb:54: syntax error, unexpected end-of-input, expecting keyword_end):
  app/controllers/platos_controller.rb:15: syntax error, unexpected tIDENTIFIER, expecting ')'
  app/controllers/platos_controller.rb:15: syntax error, unexpected ')', expecting keyword_end
  app/controllers/platos_controller.rb:54: syntax error, unexpected end-of-input, expecting keyword_end


  Rendered /usr/local/rvm/gems/ruby-2.1.2/gems/actionpack-4.1.6/lib/action_dispatch/middleware/templates/rescues/_source.erb (0.9ms)
  Rendered /usr/local/rvm/gems/ruby-2.1.2/gems/actionpack-4.1.6/lib/action_dispatch/middleware/templates/rescues/_trace.html.erb (1.7ms)
  Rendered /usr/local/rvm/gems/ruby-2.1.2/gems/actionpack-4.1.6/lib/action_dispatch/middleware/templates/rescues/_request_and_response.html.erb (1.5ms)
  Rendered /usr/local/rvm/gems/ruby-2.1.2/gems/actionpack-4.1.6/lib/action_dispatch/middleware/templates/rescues/diagnostics.erb within rescues/layout (19.7ms)


Started GET "/platos" for 127.0.0.1 at 2014-10-03 19:42:53 -0600

SyntaxError (/home/llamiro/Documents/UCR/II-2014/Inge2/DBAPI/UmenU/dbconfig/app/controllers/platos_controller.rb:15: syntax error, unexpected tIDENTIFIER, expecting ')'
...iones, :total, :id_soda]include: ,[comentario:{only: [:id]}])
...                               ^
/home/llamiro/Documents/UCR/II-2014/Inge2/DBAPI/UmenU/dbconfig/app/controllers/platos_controller.rb:15: syntax error, unexpected ')', expecting keyword_end
/home/llamiro/Documents/UCR/II-2014/Inge2/DBAPI/UmenU/dbconfig/app/controllers/platos_controller.rb:54: syntax error, unexpected end-of-input, expecting keyword_end):
  app/controllers/platos_controller.rb:15: syntax error, unexpected tIDENTIFIER, expecting ')'
  app/controllers/platos_controller.rb:15: syntax error, unexpected ')', expecting keyword_end
  app/controllers/platos_controller.rb:54: syntax error, unexpected end-of-input, expecting keyword_end


  Rendered /usr/local/rvm/gems/ruby-2.1.2/gems/actionpack-4.1.6/lib/action_dispatch/middleware/templates/rescues/_source.erb (0.9ms)
  Rendered /usr/local/rvm/gems/ruby-2.1.2/gems/actionpack-4.1.6/lib/action_dispatch/middleware/templates/rescues/_trace.html.erb (1.7ms)
  Rendered /usr/local/rvm/gems/ruby-2.1.2/gems/actionpack-4.1.6/lib/action_dispatch/middleware/templates/rescues/_request_and_response.html.erb (1.5ms)
  Rendered /usr/local/rvm/gems/ruby-2.1.2/gems/actionpack-4.1.6/lib/action_dispatch/middleware/templates/rescues/diagnostics.erb within rescues/layout (19.7ms)


Started GET "/platos" for 127.0.0.1 at 2014-10-03 19:43:10 -0600
Processing by PlatosController#index as HTML
  [1m[35mPlato Load (0.6ms)[0m  SELECT "platos".* FROM "platos"
Completed 200 OK in 33ms (Views: 1.0ms | ActiveRecord: 0.6ms)


Started POST "/usuarios" for 127.0.0.1 at 2014-10-03 20:08:56 -0600
Processing by UsuariosController#create as HTML
  Parameters: {"nombre"=>"Jorge", "direccion"=>"a@a.com", "usuario"=>{"nombre"=>"Jorge", "direccion"=>"a@a.com"}}
Unpermitted parameters: usuario
  [1m[36m (0.2ms)[0m  [1mbegin transaction[0m
  [1m[35mSQL (0.8ms)[0m  INSERT INTO "usuarios" ("created_at", "direccion", "nombre", "updated_at") VALUES (?, ?, ?, ?)  [["created_at", "2014-10-04 02:08:57.058687"], ["direccion", "a@a.com"], ["nombre", "Jorge"], ["updated_at", "2014-10-04 02:08:57.058687"]]
  [1m[36m (123.1ms)[0m  [1mcommit transaction[0m
Completed 201 Created in 168ms (Views: 2.4ms | ActiveRecord: 124.5ms)


Started GET "/usuarios/1" for 127.0.0.1 at 2014-10-03 20:09:08 -0600
Processing by UsuariosController#show as HTML
  Parameters: {"id"=>"1"}
  [1m[35mUsuario Load (0.3ms)[0m  SELECT  "usuarios".* FROM "usuarios"  WHERE "usuarios"."id" = ? LIMIT 1  [["id", 1]]
Completed 500 Internal Server Error in 7ms

NoMethodError (undefined method `comentario' for #<Usuario:0x000000047b2cb8>):
  app/controllers/usuarios_controller.rb:15:in `show'


  Rendered /usr/local/rvm/gems/ruby-2.1.2/gems/actionpack-4.1.6/lib/action_dispatch/middleware/templates/rescues/_source.erb (1.1ms)
  Rendered /usr/local/rvm/gems/ruby-2.1.2/gems/actionpack-4.1.6/lib/action_dispatch/middleware/templates/rescues/_trace.html.erb (2.0ms)
  Rendered /usr/local/rvm/gems/ruby-2.1.2/gems/actionpack-4.1.6/lib/action_dispatch/middleware/templates/rescues/_request_and_response.html.erb (1.5ms)
  Rendered /usr/local/rvm/gems/ruby-2.1.2/gems/actionpack-4.1.6/lib/action_dispatch/middleware/templates/rescues/diagnostics.erb within rescues/layout (20.8ms)


Started GET "/usuarios/1" for 127.0.0.1 at 2014-10-03 20:11:55 -0600

SyntaxError (/home/llamiro/Documents/UCR/II-2014/Inge2/DBAPI/UmenU/dbconfig/app/controllers/usuarios_controller.rb:57: syntax error, unexpected end-of-input, expecting keyword_end):
  app/controllers/usuarios_controller.rb:57: syntax error, unexpected end-of-input, expecting keyword_end


  Rendered /usr/local/rvm/gems/ruby-2.1.2/gems/actionpack-4.1.6/lib/action_dispatch/middleware/templates/rescues/_source.erb (0.9ms)
  Rendered /usr/local/rvm/gems/ruby-2.1.2/gems/actionpack-4.1.6/lib/action_dispatch/middleware/templates/rescues/_trace.html.erb (1.8ms)
  Rendered /usr/local/rvm/gems/ruby-2.1.2/gems/actionpack-4.1.6/lib/action_dispatch/middleware/templates/rescues/_request_and_response.html.erb (1.4ms)
  Rendered /usr/local/rvm/gems/ruby-2.1.2/gems/actionpack-4.1.6/lib/action_dispatch/middleware/templates/rescues/diagnostics.erb within rescues/layout (19.4ms)


Started GET "/usuarios/1" for 127.0.0.1 at 2014-10-03 20:12:27 -0600
Processing by UsuariosController#show as HTML
  Parameters: {"id"=>"1"}
  [1m[36mUsuario Load (0.2ms)[0m  [1mSELECT  "usuarios".* FROM "usuarios"  WHERE "usuarios"."id" = ? LIMIT 1[0m  [["id", 1]]
Completed 500 Internal Server Error in 10ms

NoMethodError (undefined method `comentario' for #<Usuario:0x000000022dc0d8>):
  app/controllers/usuarios_controller.rb:15:in `show'


  Rendered /usr/local/rvm/gems/ruby-2.1.2/gems/actionpack-4.1.6/lib/action_dispatch/middleware/templates/rescues/_source.erb (0.9ms)
  Rendered /usr/local/rvm/gems/ruby-2.1.2/gems/actionpack-4.1.6/lib/action_dispatch/middleware/templates/rescues/_trace.html.erb (1.7ms)
  Rendered /usr/local/rvm/gems/ruby-2.1.2/gems/actionpack-4.1.6/lib/action_dispatch/middleware/templates/rescues/_request_and_response.html.erb (1.3ms)
  Rendered /usr/local/rvm/gems/ruby-2.1.2/gems/actionpack-4.1.6/lib/action_dispatch/middleware/templates/rescues/diagnostics.erb within rescues/layout (19.1ms)
  [1m[36mUsuario Load (0.3ms)[0m  [1mSELECT  "usuarios".* FROM "usuarios"   ORDER BY "usuarios"."id" ASC LIMIT 1[0m


Started GET "/usuarios/1" for 127.0.0.1 at 2014-10-03 20:17:22 -0600
Processing by UsuariosController#show as HTML
  Parameters: {"id"=>"1"}
  [1m[35mUsuario Load (0.2ms)[0m  SELECT  "usuarios".* FROM "usuarios"  WHERE "usuarios"."id" = ? LIMIT 1  [["id", 1]]
  [1m[36mComentario Load (0.2ms)[0m  [1mSELECT  "comentarios".* FROM "comentarios"  WHERE "comentarios"."usuario_id" = ?  ORDER BY "comentarios"."id" ASC LIMIT 1[0m  [["usuario_id", 1]]
Completed 200 OK in 83ms (Views: 0.3ms | ActiveRecord: 1.6ms)


Started GET "/sodas" for 127.0.0.1 at 2014-10-04 17:18:10 -0600
Processing by SodasController#index as HTML
  [1m[35mSoda Load (0.6ms)[0m  SELECT "sodas".* FROM "sodas"
Completed 200 OK in 6ms (Views: 0.8ms | ActiveRecord: 0.6ms)


Started GET "/" for 127.0.0.1 at 2014-10-14 19:13:09 -0600
  [1m[36mActiveRecord::SchemaMigration Load (0.2ms)[0m  [1mSELECT "schema_migrations".* FROM "schema_migrations"[0m
Processing by Rails::WelcomeController#index as HTML
  Rendered /usr/local/rvm/gems/ruby-2.1.2/gems/railties-4.1.6/lib/rails/templates/rails/welcome/index.html.erb (4.1ms)
Completed 200 OK in 103ms (Views: 102.9ms | ActiveRecord: 0.0ms)


Started GET "/sodas" for 127.0.0.1 at 2014-10-14 19:13:17 -0600
Processing by SodasController#index as HTML
  [1m[35mSoda Load (0.3ms)[0m  SELECT "sodas".* FROM "sodas"
Completed 200 OK in 52ms (Views: 10.0ms | ActiveRecord: 0.3ms)


Started GET "/platos" for 127.0.0.1 at 2014-10-14 19:13:25 -0600
Processing by PlatosController#index as HTML
  [1m[36mPlato Load (0.3ms)[0m  [1mSELECT "platos".* FROM "platos"[0m
Completed 200 OK in 51ms (Views: 1.0ms | ActiveRecord: 0.3ms)


Started GET "/platos?nombre=Sociales" for 127.0.0.1 at 2014-10-14 19:14:09 -0600
Processing by PlatosController#index as HTML
  Parameters: {"nombre"=>"Sociales"}
  [1m[35mPlato Load (0.5ms)[0m  SELECT "platos".* FROM "platos"
Completed 200 OK in 8ms (Views: 3.1ms | ActiveRecord: 0.5ms)


Started GET "/platos" for 127.0.0.1 at 2014-10-14 19:14:17 -0600
Processing by PlatosController#index as HTML
  [1m[36mPlato Load (0.3ms)[0m  [1mSELECT "platos".* FROM "platos"[0m
Completed 200 OK in 1ms (Views: 0.8ms | ActiveRecord: 0.3ms)


Started GET "/platos" for 127.0.0.1 at 2014-10-14 19:14:21 -0600
Processing by PlatosController#index as HTML
  [1m[35mPlato Load (0.2ms)[0m  SELECT "platos".* FROM "platos"
Completed 200 OK in 1ms (Views: 0.6ms | ActiveRecord: 0.2ms)


Started GET "/platos" for 127.0.0.1 at 2014-10-14 19:14:22 -0600
Processing by PlatosController#index as HTML
  [1m[36mPlato Load (0.2ms)[0m  [1mSELECT "platos".* FROM "platos"[0m
Completed 200 OK in 1ms (Views: 0.6ms | ActiveRecord: 0.2ms)


Started GET "/platos?get=1&soda_id=11" for 127.0.0.1 at 2014-10-14 19:31:40 -0600
Processing by PlatosController#index as HTML
  Parameters: {"get"=>"1", "soda_id"=>"11"}
  [1m[35mPlato Load (0.6ms)[0m  SELECT "platos".* FROM "platos"
Completed 200 OK in 6ms (Views: 1.0ms | ActiveRecord: 0.6ms)


Started GET "/platos?get=1&soda_id=11" for 127.0.0.1 at 2014-10-14 19:31:43 -0600
Processing by PlatosController#index as HTML
  Parameters: {"get"=>"1", "soda_id"=>"11"}
  [1m[36mPlato Load (0.2ms)[0m  [1mSELECT "platos".* FROM "platos"[0m
Completed 200 OK in 1ms (Views: 0.6ms | ActiveRecord: 0.2ms)


Started GET "/platos?get=1&soda_id=11" for 127.0.0.1 at 2014-10-14 19:31:44 -0600
Processing by PlatosController#index as HTML
  Parameters: {"get"=>"1", "soda_id"=>"11"}
  [1m[35mPlato Load (0.2ms)[0m  SELECT "platos".* FROM "platos"
Completed 200 OK in 1ms (Views: 0.6ms | ActiveRecord: 0.2ms)


Started GET "/platos?get=1&soda_id=11" for 127.0.0.1 at 2014-10-14 19:31:46 -0600
Processing by PlatosController#index as HTML
  Parameters: {"get"=>"1", "soda_id"=>"11"}
  [1m[36mPlato Load (0.2ms)[0m  [1mSELECT "platos".* FROM "platos"[0m
Completed 200 OK in 1ms (Views: 0.6ms | ActiveRecord: 0.2ms)


Started GET "/platos?get=1&soda_id=11" for 127.0.0.1 at 2014-10-14 19:31:50 -0600
Processing by PlatosController#index as HTML
  Parameters: {"get"=>"1", "soda_id"=>"11"}
  [1m[35mPlato Load (0.2ms)[0m  SELECT "platos".* FROM "platos"
Completed 200 OK in 1ms (Views: 0.6ms | ActiveRecord: 0.2ms)


Started GET "/platos?soda_id=11&get=1" for 127.0.0.1 at 2014-10-14 19:41:41 -0600
Processing by PlatosController#index as HTML
  Parameters: {"soda_id"=>"11", "get"=>"1"}
  [1m[36mPlato Load (0.5ms)[0m  [1mSELECT "platos".* FROM "platos"[0m
Completed 200 OK in 5ms (Views: 0.8ms | ActiveRecord: 0.5ms)


Started GET "/platos?soda_id=11&nombre=Jorge" for 127.0.0.1 at 2014-10-14 19:42:01 -0600
Processing by PlatosController#index as HTML
  Parameters: {"soda_id"=>"11", "nombre"=>"Jorge"}
  [1m[35mPlato Load (0.2ms)[0m  SELECT "platos".* FROM "platos"
Completed 200 OK in 1ms (Views: 0.6ms | ActiveRecord: 0.2ms)


Started GET "/platos/" for 127.0.0.1 at 2014-10-14 19:42:07 -0600
Processing by PlatosController#index as HTML
  [1m[36mPlato Load (0.3ms)[0m  [1mSELECT "platos".* FROM "platos"[0m
Completed 200 OK in 1ms (Views: 0.8ms | ActiveRecord: 0.3ms)


Started GET "/platos/" for 127.0.0.1 at 2014-10-14 19:42:30 -0600
Processing by PlatosController#index as HTML
  [1m[35mPlato Load (0.2ms)[0m  SELECT "platos".* FROM "platos"
Completed 200 OK in 1ms (Views: 0.6ms | ActiveRecord: 0.2ms)


Started GET "/platos?soda_id=11" for 127.0.0.1 at 2014-10-14 19:42:39 -0600
Processing by PlatosController#index as HTML
  Parameters: {"soda_id"=>"11"}
  [1m[36mPlato Load (0.2ms)[0m  [1mSELECT "platos".* FROM "platos"[0m
Completed 200 OK in 1ms (Views: 0.5ms | ActiveRecord: 0.2ms)


Started GET "/usuarios" for 127.0.0.1 at 2014-10-14 19:43:08 -0600
Processing by UsuariosController#index as HTML
  Parameters: {"usuario"=>{}}
  [1m[35mUsuario Load (0.2ms)[0m  SELECT "usuarios".* FROM "usuarios"
Completed 200 OK in 8ms (Views: 6.7ms | ActiveRecord: 0.7ms)


Started POST "/platos" for 127.0.0.1 at 2014-10-14 19:44:18 -0600
Processing by PlatosController#create as HTML
  Parameters: {"soda_id"=>11, "nombre"=>"Patacones", "precio"=>700, "categoria"=>"Cena", "tipo"=>"Básico", "calificaciones"=>4, "total"=>15, "plato"=>{"soda_id"=>11, "nombre"=>"Patacones", "precio"=>700, "categoria"=>"Cena", "tipo"=>"Básico", "calificaciones"=>4, "total"=>15}}
Unpermitted parameters: plato
  [1m[36m (0.2ms)[0m  [1mbegin transaction[0m
  [1m[35mSQL (0.9ms)[0m  INSERT INTO "platos" ("calificaciones", "categoria", "created_at", "nombre", "precio", "soda_id", "tipo", "total", "updated_at") VALUES (?, ?, ?, ?, ?, ?, ?, ?, ?)  [["calificaciones", 4], ["categoria", "Cena"], ["created_at", "2014-10-15 01:44:18.615784"], ["nombre", "Patacones"], ["precio", 700], ["soda_id", 11], ["tipo", "Básico"], ["total", 15], ["updated_at", "2014-10-15 01:44:18.615784"]]
  [1m[36m (129.1ms)[0m  [1mcommit transaction[0m
Completed 201 Created in 175ms (Views: 1.9ms | ActiveRecord: 130.7ms)


Started GET "/platos" for 127.0.0.1 at 2014-10-14 19:44:36 -0600
Processing by PlatosController#index as HTML
  [1m[35mPlato Load (0.3ms)[0m  SELECT "platos".* FROM "platos"
Completed 200 OK in 3ms (Views: 2.2ms | ActiveRecord: 0.3ms)


Started GET "/platos?soda_id=11&get=1" for 127.0.0.1 at 2014-10-14 19:45:09 -0600
Processing by PlatosController#index as HTML
  Parameters: {"soda_id"=>"11", "get"=>"1"}
  [1m[36mPlato Load (0.3ms)[0m  [1mSELECT "platos".* FROM "platos"[0m
Completed 200 OK in 2ms (Views: 1.2ms | ActiveRecord: 0.3ms)


Started GET "/platos?soda_id=11&get=1" for 127.0.0.1 at 2014-10-14 19:45:11 -0600
Processing by PlatosController#index as HTML
  Parameters: {"soda_id"=>"11", "get"=>"1"}
  [1m[35mPlato Load (0.3ms)[0m  SELECT "platos".* FROM "platos"
Completed 200 OK in 2ms (Views: 1.2ms | ActiveRecord: 0.3ms)


Started POST "/platos?soda_id=11&get=1" for 127.0.0.1 at 2014-10-14 19:45:41 -0600
Processing by PlatosController#create as HTML
  Parameters: {"soda_id"=>"11", "nombre"=>"Patacones", "precio"=>700, "categoria"=>"Cena", "tipo"=>"Básico", "calificaciones"=>4, "total"=>15, "get"=>"1", "plato"=>{"soda_id"=>"11", "nombre"=>"Patacones", "precio"=>700, "categoria"=>"Cena", "tipo"=>"Básico", "calificaciones"=>4, "total"=>15}}
  [1m[36mPlato Load (0.3ms)[0m  [1mSELECT  "platos".* FROM "platos"  WHERE "platos"."id" = ? LIMIT 1[0m  [["id", 6]]
Completed 404 Not Found in 4ms

ActiveRecord::RecordNotFound (Couldn't find Plato with 'id'=6):
  app/controllers/platos_controller.rb:28:in `create'


  Rendered /usr/local/rvm/gems/ruby-2.1.2/gems/actionpack-4.1.6/lib/action_dispatch/middleware/templates/rescues/_source.erb (1.2ms)
  Rendered /usr/local/rvm/gems/ruby-2.1.2/gems/actionpack-4.1.6/lib/action_dispatch/middleware/templates/rescues/_trace.html.erb (2.1ms)
  Rendered /usr/local/rvm/gems/ruby-2.1.2/gems/actionpack-4.1.6/lib/action_dispatch/middleware/templates/rescues/_request_and_response.html.erb (1.9ms)
  Rendered /usr/local/rvm/gems/ruby-2.1.2/gems/actionpack-4.1.6/lib/action_dispatch/middleware/templates/rescues/diagnostics.erb within rescues/layout (24.0ms)


Started POST "/platos?soda_id=11&get=1" for 127.0.0.1 at 2014-10-14 19:46:16 -0600
Processing by PlatosController#create as HTML
  Parameters: {"soda_id"=>"11", "nombre"=>"Patacones", "precio"=>700, "categoria"=>"Cena", "tipo"=>"Básico", "calificaciones"=>4, "total"=>15, "get"=>"1", "plato"=>{"soda_id"=>"11", "nombre"=>"Patacones", "precio"=>700, "categoria"=>"Cena", "tipo"=>"Básico", "calificaciones"=>4, "total"=>15}}
  [1m[35mPlato Load (0.7ms)[0m  SELECT "platos".* FROM "platos"  WHERE (soda_id = '11')
Completed 500 Internal Server Error in 13ms

NoMethodError (undefined method `comentario' for #<Plato::ActiveRecord_Relation:0x00000003176b48>):
  app/controllers/platos_controller.rb:28:in `create'


  Rendered /usr/local/rvm/gems/ruby-2.1.2/gems/actionpack-4.1.6/lib/action_dispatch/middleware/templates/rescues/_source.erb (1.2ms)
  Rendered /usr/local/rvm/gems/ruby-2.1.2/gems/actionpack-4.1.6/lib/action_dispatch/middleware/templates/rescues/_trace.html.erb (2.1ms)
  Rendered /usr/local/rvm/gems/ruby-2.1.2/gems/actionpack-4.1.6/lib/action_dispatch/middleware/templates/rescues/_request_and_response.html.erb (1.7ms)
  Rendered /usr/local/rvm/gems/ruby-2.1.2/gems/actionpack-4.1.6/lib/action_dispatch/middleware/templates/rescues/diagnostics.erb within rescues/layout (20.9ms)


Started POST "/platos?soda_id=11&get=1" for 127.0.0.1 at 2014-10-14 19:46:55 -0600
Processing by PlatosController#create as HTML
  Parameters: {"soda_id"=>"11", "nombre"=>"Patacones", "precio"=>700, "categoria"=>"Cena", "tipo"=>"Básico", "calificaciones"=>4, "total"=>15, "get"=>"1", "plato"=>{"soda_id"=>"11", "nombre"=>"Patacones", "precio"=>700, "categoria"=>"Cena", "tipo"=>"Básico", "calificaciones"=>4, "total"=>15}}
  [1m[36mPlato Load (0.3ms)[0m  [1mSELECT "platos".* FROM "platos"  WHERE (soda_id = '11')[0m
Completed 200 OK in 11ms (Views: 0.4ms | ActiveRecord: 1.8ms)
  [1m[36mActiveRecord::SchemaMigration Load (0.1ms)[0m  [1mSELECT "schema_migrations".* FROM "schema_migrations"[0m
  [1m[35mActiveRecord::SchemaMigration Load (0.1ms)[0m  SELECT "schema_migrations".* FROM "schema_migrations"
  [1m[36mActiveRecord::SchemaMigration Load (0.1ms)[0m  [1mSELECT "schema_migrations".* FROM "schema_migrations"[0m
Migrating to RemoveOldAttributesFromSodas (20141024173924)
  [1m[35m (0.1ms)[0m  begin transaction
  [1m[36m (17.5ms)[0m  [1mCREATE TEMPORARY TABLE "asodas" ("id" INTEGER PRIMARY KEY AUTOINCREMENT NOT NULL, "nombre" varchar(255), "abre" time, "cierra" time, "iDesayuno" time, "fDesayuno" time, "iAlmuerzo" time, "fAlmuerzo" time, "iCena" time, "fCena" time, "created_at" datetime, "updated_at" datetime, "long" float, "lat" float) [0m
  [1m[35m (0.2ms)[0m  SELECT * FROM "sodas"
  [1m[36m (0.4ms)[0m  [1mDROP TABLE "sodas"[0m
  [1m[35m (0.3ms)[0m  CREATE TABLE "sodas" ("id" INTEGER PRIMARY KEY AUTOINCREMENT NOT NULL, "nombre" varchar(255), "cierra" time, "iDesayuno" time, "fDesayuno" time, "iAlmuerzo" time, "fAlmuerzo" time, "iCena" time, "fCena" time, "created_at" datetime, "updated_at" datetime, "long" float, "lat" float) 
  [1m[36m (0.2ms)[0m  [1mSELECT * FROM "asodas"[0m
  [1m[35m (0.4ms)[0m  DROP TABLE "asodas"
  [1m[36m (0.2ms)[0m  [1mCREATE TEMPORARY TABLE "asodas" ("id" INTEGER PRIMARY KEY AUTOINCREMENT NOT NULL, "nombre" varchar(255), "cierra" time, "iDesayuno" time, "fDesayuno" time, "iAlmuerzo" time, "fAlmuerzo" time, "iCena" time, "fCena" time, "created_at" datetime, "updated_at" datetime, "long" float, "lat" float) [0m
  [1m[35m (0.1ms)[0m  SELECT * FROM "sodas"
  [1m[36m (0.3ms)[0m  [1mDROP TABLE "sodas"[0m
  [1m[35m (0.2ms)[0m  CREATE TABLE "sodas" ("id" INTEGER PRIMARY KEY AUTOINCREMENT NOT NULL, "nombre" varchar(255), "iDesayuno" time, "fDesayuno" time, "iAlmuerzo" time, "fAlmuerzo" time, "iCena" time, "fCena" time, "created_at" datetime, "updated_at" datetime, "long" float, "lat" float) 
  [1m[36m (0.1ms)[0m  [1mSELECT * FROM "asodas"[0m
  [1m[35m (0.2ms)[0m  DROP TABLE "asodas"
  [1m[36m (0.2ms)[0m  [1mCREATE TEMPORARY TABLE "asodas" ("id" INTEGER PRIMARY KEY AUTOINCREMENT NOT NULL, "nombre" varchar(255), "iDesayuno" time, "fDesayuno" time, "iAlmuerzo" time, "fAlmuerzo" time, "iCena" time, "fCena" time, "created_at" datetime, "updated_at" datetime, "long" float, "lat" float) [0m
  [1m[35m (0.1ms)[0m  SELECT * FROM "sodas"
  [1m[36m (0.2ms)[0m  [1mDROP TABLE "sodas"[0m
  [1m[35m (0.2ms)[0m  CREATE TABLE "sodas" ("id" INTEGER PRIMARY KEY AUTOINCREMENT NOT NULL, "nombre" varchar(255), "fDesayuno" time, "iAlmuerzo" time, "fAlmuerzo" time, "iCena" time, "fCena" time, "created_at" datetime, "updated_at" datetime, "long" float, "lat" float) 
  [1m[36m (0.1ms)[0m  [1mSELECT * FROM "asodas"[0m
  [1m[35m (0.2ms)[0m  DROP TABLE "asodas"
  [1m[36m (0.2ms)[0m  [1mCREATE TEMPORARY TABLE "asodas" ("id" INTEGER PRIMARY KEY AUTOINCREMENT NOT NULL, "nombre" varchar(255), "fDesayuno" time, "iAlmuerzo" time, "fAlmuerzo" time, "iCena" time, "fCena" time, "created_at" datetime, "updated_at" datetime, "long" float, "lat" float) [0m
  [1m[35m (0.1ms)[0m  SELECT * FROM "sodas"
  [1m[36m (0.2ms)[0m  [1mDROP TABLE "sodas"[0m
  [1m[35m (0.2ms)[0m  CREATE TABLE "sodas" ("id" INTEGER PRIMARY KEY AUTOINCREMENT NOT NULL, "nombre" varchar(255), "iAlmuerzo" time, "fAlmuerzo" time, "iCena" time, "fCena" time, "created_at" datetime, "updated_at" datetime, "long" float, "lat" float) 
  [1m[36m (0.1ms)[0m  [1mSELECT * FROM "asodas"[0m
  [1m[35m (0.2ms)[0m  DROP TABLE "asodas"
  [1m[36m (0.2ms)[0m  [1mCREATE TEMPORARY TABLE "asodas" ("id" INTEGER PRIMARY KEY AUTOINCREMENT NOT NULL, "nombre" varchar(255), "iAlmuerzo" time, "fAlmuerzo" time, "iCena" time, "fCena" time, "created_at" datetime, "updated_at" datetime, "long" float, "lat" float) [0m
  [1m[35m (0.1ms)[0m  SELECT * FROM "sodas"
  [1m[36m (0.2ms)[0m  [1mDROP TABLE "sodas"[0m
  [1m[35m (0.2ms)[0m  CREATE TABLE "sodas" ("id" INTEGER PRIMARY KEY AUTOINCREMENT NOT NULL, "nombre" varchar(255), "fAlmuerzo" time, "iCena" time, "fCena" time, "created_at" datetime, "updated_at" datetime, "long" float, "lat" float) 
  [1m[36m (0.1ms)[0m  [1mSELECT * FROM "asodas"[0m
  [1m[35m (0.2ms)[0m  DROP TABLE "asodas"
  [1m[36m (0.2ms)[0m  [1mCREATE TEMPORARY TABLE "asodas" ("id" INTEGER PRIMARY KEY AUTOINCREMENT NOT NULL, "nombre" varchar(255), "fAlmuerzo" time, "iCena" time, "fCena" time, "created_at" datetime, "updated_at" datetime, "long" float, "lat" float) [0m
  [1m[35m (0.1ms)[0m  SELECT * FROM "sodas"
  [1m[36m (0.2ms)[0m  [1mDROP TABLE "sodas"[0m
  [1m[35m (0.2ms)[0m  CREATE TABLE "sodas" ("id" INTEGER PRIMARY KEY AUTOINCREMENT NOT NULL, "nombre" varchar(255), "iCena" time, "fCena" time, "created_at" datetime, "updated_at" datetime, "long" float, "lat" float) 
  [1m[36m (0.1ms)[0m  [1mSELECT * FROM "asodas"[0m
  [1m[35m (0.2ms)[0m  DROP TABLE "asodas"
  [1m[36m (0.2ms)[0m  [1mCREATE TEMPORARY TABLE "asodas" ("id" INTEGER PRIMARY KEY AUTOINCREMENT NOT NULL, "nombre" varchar(255), "iCena" time, "fCena" time, "created_at" datetime, "updated_at" datetime, "long" float, "lat" float) [0m
  [1m[35m (0.1ms)[0m  SELECT * FROM "sodas"
  [1m[36m (0.2ms)[0m  [1mDROP TABLE "sodas"[0m
  [1m[35m (0.2ms)[0m  CREATE TABLE "sodas" ("id" INTEGER PRIMARY KEY AUTOINCREMENT NOT NULL, "nombre" varchar(255), "fCena" time, "created_at" datetime, "updated_at" datetime, "long" float, "lat" float) 
  [1m[36m (0.1ms)[0m  [1mSELECT * FROM "asodas"[0m
  [1m[35m (0.2ms)[0m  DROP TABLE "asodas"
  [1m[36m (0.2ms)[0m  [1mCREATE TEMPORARY TABLE "asodas" ("id" INTEGER PRIMARY KEY AUTOINCREMENT NOT NULL, "nombre" varchar(255), "fCena" time, "created_at" datetime, "updated_at" datetime, "long" float, "lat" float) [0m
  [1m[35m (0.1ms)[0m  SELECT * FROM "sodas"
  [1m[36m (0.2ms)[0m  [1mDROP TABLE "sodas"[0m
  [1m[35m (0.2ms)[0m  CREATE TABLE "sodas" ("id" INTEGER PRIMARY KEY AUTOINCREMENT NOT NULL, "nombre" varchar(255), "created_at" datetime, "updated_at" datetime, "long" float, "lat" float) 
  [1m[36m (0.1ms)[0m  [1mSELECT * FROM "asodas"[0m
  [1m[35m (0.2ms)[0m  DROP TABLE "asodas"
  [1m[36mSQL (0.3ms)[0m  [1mINSERT INTO "schema_migrations" ("version") VALUES (?)[0m  [["version", "20141024173924"]]
  [1m[35m (118.8ms)[0m  commit transaction
Migrating to AddDescripcionToSodas (20141024173948)
  [1m[36m (0.2ms)[0m  [1mbegin transaction[0m
  [1m[35m (1.0ms)[0m  ALTER TABLE "sodas" ADD "descripcion" varchar(255)
  [1m[36mSQL (0.4ms)[0m  [1mINSERT INTO "schema_migrations" ("version") VALUES (?)[0m  [["version", "20141024173948"]]
  [1m[35m (131.4ms)[0m  commit transaction
  [1m[36mActiveRecord::SchemaMigration Load (0.2ms)[0m  [1mSELECT "schema_migrations".* FROM "schema_migrations"[0m
  [1m[36mActiveRecord::SchemaMigration Load (0.2ms)[0m  [1mSELECT "schema_migrations".* FROM "schema_migrations"[0m
Migrating to AddAttributesToPlatos (20141027190720)
  [1m[35m (11.5ms)[0m  begin transaction
  [1m[36m (0.7ms)[0m  [1mALTER TABLE "platos" ADD "semana" integer[0m
  [1m[35m (0.2ms)[0m  ALTER TABLE "platos" ADD "dia" integer
  [1m[36mSQL (0.3ms)[0m  [1mINSERT INTO "schema_migrations" ("version") VALUES (?)[0m  [["version", "20141027190720"]]
  [1m[35m (123.7ms)[0m  commit transaction
  [1m[36mActiveRecord::SchemaMigration Load (0.2ms)[0m  [1mSELECT "schema_migrations".* FROM "schema_migrations"[0m


Started POST "/platos?soda_id=11&get=1" for 127.0.0.1 at 2014-10-27 13:20:53 -0600
  [1m[36mActiveRecord::SchemaMigration Load (0.3ms)[0m  [1mSELECT "schema_migrations".* FROM "schema_migrations"[0m
Processing by PlatosController#create as HTML
  Parameters: {"soda_id"=>"11", "get"=>"1", "plato"=>{}}
  [1m[35mPlato Load (0.3ms)[0m  SELECT "platos".* FROM "platos"  WHERE (soda_id = '11' and dia = NULL and semana = NULL)
Completed 200 OK in 25ms (Views: 0.3ms | ActiveRecord: 0.9ms)


Started POST "/platos" for 127.0.0.1 at 2014-10-27 13:21:04 -0600
Processing by PlatosController#create as HTML
  Parameters: {"plato"=>{}}
Unpermitted parameters: plato
  [1m[36m (0.2ms)[0m  [1mbegin transaction[0m
  [1m[35mSQL (0.8ms)[0m  INSERT INTO "platos" ("created_at", "updated_at") VALUES (?, ?)  [["created_at", "2014-10-27 19:21:04.657883"], ["updated_at", "2014-10-27 19:21:04.657883"]]
  [1m[36m (163.9ms)[0m  [1mcommit transaction[0m
Completed 201 Created in 191ms (Views: 2.6ms | ActiveRecord: 164.8ms)


Started POST "/platos" for 127.0.0.1 at 2014-10-27 13:21:14 -0600
Processing by PlatosController#create as HTML
  Parameters: {"plato"=>{}}
Unpermitted parameters: plato
  [1m[35m (0.2ms)[0m  begin transaction
  [1m[36mSQL (0.7ms)[0m  [1mINSERT INTO "platos" ("created_at", "updated_at") VALUES (?, ?)[0m  [["created_at", "2014-10-27 19:21:14.476134"], ["updated_at", "2014-10-27 19:21:14.476134"]]
  [1m[35m (144.4ms)[0m  commit transaction
Completed 201 Created in 153ms (Views: 2.7ms | ActiveRecord: 145.3ms)


Started POST "/platos?soda_id=11&semana=1&dia=1" for 127.0.0.1 at 2014-10-27 13:23:02 -0600
Processing by PlatosController#create as HTML
  Parameters: {"soda_id"=>"11", "semana"=>"1", "dia"=>"1", "plato"=>{}}
Unpermitted parameters: plato
  [1m[36m (0.1ms)[0m  [1mbegin transaction[0m
  [1m[35mSQL (0.6ms)[0m  INSERT INTO "platos" ("created_at", "dia", "semana", "soda_id", "updated_at") VALUES (?, ?, ?, ?, ?)  [["created_at", "2014-10-27 19:23:02.780883"], ["dia", 1], ["semana", 1], ["soda_id", 11], ["updated_at", "2014-10-27 19:23:02.780883"]]
  [1m[36m (148.7ms)[0m  [1mcommit transaction[0m
Completed 201 Created in 154ms (Views: 1.0ms | ActiveRecord: 149.4ms)


Started POST "/platos?soda_id=11&semana=1&dia=2" for 127.0.0.1 at 2014-10-27 13:23:12 -0600
Processing by PlatosController#create as HTML
  Parameters: {"soda_id"=>"11", "semana"=>"1", "dia"=>"2", "plato"=>{}}
Unpermitted parameters: plato
  [1m[35m (0.1ms)[0m  begin transaction
  [1m[36mSQL (0.5ms)[0m  [1mINSERT INTO "platos" ("created_at", "dia", "semana", "soda_id", "updated_at") VALUES (?, ?, ?, ?, ?)[0m  [["created_at", "2014-10-27 19:23:12.997303"], ["dia", 2], ["semana", 1], ["soda_id", 11], ["updated_at", "2014-10-27 19:23:12.997303"]]
  [1m[35m (125.9ms)[0m  commit transaction
Completed 201 Created in 131ms (Views: 1.1ms | ActiveRecord: 126.5ms)


Started POST "/platos?soda_id=11&semana=1&dia=2&get=1" for 127.0.0.1 at 2014-10-27 13:23:23 -0600
Processing by PlatosController#create as HTML
  Parameters: {"soda_id"=>"11", "semana"=>"1", "dia"=>"2", "get"=>"1", "plato"=>{}}
  [1m[36mPlato Load (0.3ms)[0m  [1mSELECT "platos".* FROM "platos"  WHERE (soda_id = '11' and dia = '2' and semana = '1')[0m
Completed 200 OK in 3ms (Views: 0.3ms | ActiveRecord: 0.3ms)


Started POST "/platos?soda_id=11&semana=1&dia=2" for 127.0.0.1 at 2014-10-27 15:14:57 -0600
Processing by PlatosController#create as HTML
  Parameters: {"soda_id"=>"11", "semana"=>"1", "dia"=>"2", "plato"=>{}}
Unpermitted parameters: plato
  [1m[35m (0.1ms)[0m  begin transaction
  [1m[36mSQL (0.6ms)[0m  [1mINSERT INTO "platos" ("created_at", "dia", "semana", "soda_id", "updated_at") VALUES (?, ?, ?, ?, ?)[0m  [["created_at", "2014-10-27 21:14:57.973964"], ["dia", 2], ["semana", 1], ["soda_id", 11], ["updated_at", "2014-10-27 21:14:57.973964"]]
  [1m[35m (159.0ms)[0m  commit transaction
Completed 201 Created in 165ms (Views: 1.1ms | ActiveRecord: 159.8ms)


Started POST "/platos?soda_id=11&semana=1&dia=2" for 127.0.0.1 at 2014-10-27 15:14:58 -0600
Processing by PlatosController#create as HTML
  Parameters: {"soda_id"=>"11", "semana"=>"1", "dia"=>"2", "plato"=>{}}
Unpermitted parameters: plato
  [1m[36m (0.1ms)[0m  [1mbegin transaction[0m
  [1m[35mSQL (0.6ms)[0m  INSERT INTO "platos" ("created_at", "dia", "semana", "soda_id", "updated_at") VALUES (?, ?, ?, ?, ?)  [["created_at", "2014-10-27 21:14:58.146561"], ["dia", 2], ["semana", 1], ["soda_id", 11], ["updated_at", "2014-10-27 21:14:58.146561"]]
  [1m[36m (131.3ms)[0m  [1mcommit transaction[0m
Completed 201 Created in 138ms (Views: 1.6ms | ActiveRecord: 132.0ms)


Started POST "/platos?soda_id=11&semana=1&dia=2&get=1" for 127.0.0.1 at 2014-10-27 15:15:04 -0600
Processing by PlatosController#create as HTML
  Parameters: {"soda_id"=>"11", "semana"=>"1", "dia"=>"2", "get"=>"1", "plato"=>{}}
  [1m[35mPlato Load (0.4ms)[0m  SELECT "platos".* FROM "platos"  WHERE (soda_id = '11' and dia = '2' and semana = '1')
Completed 200 OK in 3ms (Views: 0.5ms | ActiveRecord: 0.4ms)


Started POST "/platos?soda_id=11&semana=1&dia=2&get=1" for 127.0.0.1 at 2014-10-27 15:15:04 -0600
Processing by PlatosController#create as HTML
  Parameters: {"soda_id"=>"11", "semana"=>"1", "dia"=>"2", "get"=>"1", "plato"=>{}}
  [1m[36mPlato Load (0.3ms)[0m  [1mSELECT "platos".* FROM "platos"  WHERE (soda_id = '11' and dia = '2' and semana = '1')[0m
Completed 200 OK in 3ms (Views: 0.5ms | ActiveRecord: 0.3ms)


Started POST "/snakcs?soda_id=11" for 127.0.0.1 at 2014-10-27 17:04:30 -0600

ActionController::RoutingError (No route matches [POST] "/snakcs"):
  actionpack (4.1.6) lib/action_dispatch/middleware/debug_exceptions.rb:21:in `call'
  actionpack (4.1.6) lib/action_dispatch/middleware/show_exceptions.rb:30:in `call'
  railties (4.1.6) lib/rails/rack/logger.rb:38:in `call_app'
  railties (4.1.6) lib/rails/rack/logger.rb:20:in `block in call'
  activesupport (4.1.6) lib/active_support/tagged_logging.rb:68:in `block in tagged'
  activesupport (4.1.6) lib/active_support/tagged_logging.rb:26:in `tagged'
  activesupport (4.1.6) lib/active_support/tagged_logging.rb:68:in `tagged'
  railties (4.1.6) lib/rails/rack/logger.rb:20:in `call'
  actionpack (4.1.6) lib/action_dispatch/middleware/request_id.rb:21:in `call'
  rack (1.5.2) lib/rack/runtime.rb:17:in `call'
  activesupport (4.1.6) lib/active_support/cache/strategy/local_cache_middleware.rb:26:in `call'
  rack (1.5.2) lib/rack/lock.rb:17:in `call'
  actionpack (4.1.6) lib/action_dispatch/middleware/static.rb:64:in `call'
  railties (4.1.6) lib/rails/engine.rb:514:in `call'
  railties (4.1.6) lib/rails/application.rb:144:in `call'
  rack (1.5.2) lib/rack/lock.rb:17:in `call'
  rack (1.5.2) lib/rack/content_length.rb:14:in `call'
  rack (1.5.2) lib/rack/handler/webrick.rb:60:in `service'
  /usr/local/rvm/rubies/ruby-2.1.2/lib/ruby/2.1.0/webrick/httpserver.rb:138:in `service'
  /usr/local/rvm/rubies/ruby-2.1.2/lib/ruby/2.1.0/webrick/httpserver.rb:94:in `run'
  /usr/local/rvm/rubies/ruby-2.1.2/lib/ruby/2.1.0/webrick/server.rb:295:in `block in start_thread'


  Rendered /usr/local/rvm/gems/ruby-2.1.2/gems/actionpack-4.1.6/lib/action_dispatch/middleware/templates/rescues/_trace.html.erb (1.7ms)
  Rendered /usr/local/rvm/gems/ruby-2.1.2/gems/actionpack-4.1.6/lib/action_dispatch/middleware/templates/routes/_route.html.erb (4.4ms)
  Rendered /usr/local/rvm/gems/ruby-2.1.2/gems/actionpack-4.1.6/lib/action_dispatch/middleware/templates/routes/_table.html.erb (29.1ms)
  Rendered /usr/local/rvm/gems/ruby-2.1.2/gems/actionpack-4.1.6/lib/action_dispatch/middleware/templates/rescues/routing_error.html.erb within rescues/layout (77.0ms)


Started POST "/snacks?soda_id=11" for 127.0.0.1 at 2014-10-27 17:04:40 -0600
Processing by SnacksController#create as HTML
  Parameters: {"soda_id"=>"11", "snack"=>{}}
Unpermitted parameters: snack
  [1m[35m (0.2ms)[0m  begin transaction
  [1m[36mSQL (0.6ms)[0m  [1mINSERT INTO "snacks" ("created_at", "soda_id", "updated_at") VALUES (?, ?, ?)[0m  [["created_at", "2014-10-27 23:04:40.083981"], ["soda_id", 11], ["updated_at", "2014-10-27 23:04:40.083981"]]
  [1m[35m (106.0ms)[0m  commit transaction
Completed 201 Created in 118ms (Views: 1.9ms | ActiveRecord: 107.5ms)


Started POST "/snacks?soda_id=11" for 127.0.0.1 at 2014-10-27 17:04:48 -0600
Processing by SnacksController#create as HTML
  Parameters: {"soda_id"=>"11", "snack"=>{}}
Unpermitted parameters: snack
  [1m[36m (0.1ms)[0m  [1mbegin transaction[0m
  [1m[35mSQL (0.5ms)[0m  INSERT INTO "snacks" ("created_at", "soda_id", "updated_at") VALUES (?, ?, ?)  [["created_at", "2014-10-27 23:04:48.481920"], ["soda_id", 11], ["updated_at", "2014-10-27 23:04:48.481920"]]
  [1m[36m (146.2ms)[0m  [1mcommit transaction[0m
Completed 201 Created in 154ms (Views: 1.0ms | ActiveRecord: 146.9ms)


Started POST "/snacks?soda_id=11" for 127.0.0.1 at 2014-10-27 17:04:51 -0600
Processing by SnacksController#create as HTML
  Parameters: {"soda_id"=>"11", "snack"=>{}}
Unpermitted parameters: snack
  [1m[35m (0.1ms)[0m  begin transaction
  [1m[36mSQL (0.4ms)[0m  [1mINSERT INTO "snacks" ("created_at", "soda_id", "updated_at") VALUES (?, ?, ?)[0m  [["created_at", "2014-10-27 23:04:51.330596"], ["soda_id", 11], ["updated_at", "2014-10-27 23:04:51.330596"]]
  [1m[35m (124.5ms)[0m  commit transaction
Completed 201 Created in 129ms (Views: 1.0ms | ActiveRecord: 125.1ms)


Started POST "/snacks?soda_id=13" for 127.0.0.1 at 2014-10-27 17:04:57 -0600
Processing by SnacksController#create as HTML
  Parameters: {"soda_id"=>"13", "snack"=>{}}
Unpermitted parameters: snack
  [1m[36m (0.1ms)[0m  [1mbegin transaction[0m
  [1m[35mSQL (0.5ms)[0m  INSERT INTO "snacks" ("created_at", "soda_id", "updated_at") VALUES (?, ?, ?)  [["created_at", "2014-10-27 23:04:57.325051"], ["soda_id", 13], ["updated_at", "2014-10-27 23:04:57.325051"]]
  [1m[36m (157.4ms)[0m  [1mcommit transaction[0m
Completed 201 Created in 163ms (Views: 1.4ms | ActiveRecord: 158.1ms)


Started POST "/snacks?soda_id=11" for 127.0.0.1 at 2014-10-27 17:05:02 -0600
Processing by SnacksController#create as HTML
  Parameters: {"soda_id"=>"11", "snack"=>{}}
Unpermitted parameters: snack
  [1m[35m (0.1ms)[0m  begin transaction
  [1m[36mSQL (0.5ms)[0m  [1mINSERT INTO "snacks" ("created_at", "soda_id", "updated_at") VALUES (?, ?, ?)[0m  [["created_at", "2014-10-27 23:05:02.605478"], ["soda_id", 11], ["updated_at", "2014-10-27 23:05:02.605478"]]
  [1m[35m (160.6ms)[0m  commit transaction
Completed 201 Created in 166ms (Views: 1.3ms | ActiveRecord: 161.3ms)


Started POST "/snacks?soda_id=11&get=1" for 127.0.0.1 at 2014-10-27 17:05:10 -0600
Processing by SnacksController#create as HTML
  Parameters: {"soda_id"=>"11", "get"=>"1", "snack"=>{}}
  [1m[36mSnack Load (1.0ms)[0m  [1mSELECT "snacks".* FROM "snacks"  WHERE (soda_id = '11')[0m
Completed 200 OK in 4ms (Views: 0.3ms | ActiveRecord: 1.0ms)
  [1m[36mActiveRecord::SchemaMigration Load (0.3ms)[0m  [1mSELECT "schema_migrations".* FROM "schema_migrations"[0m
Migrating to AddPromedioToPlato (20141029011851)
  [1m[35m (0.2ms)[0m  begin transaction
  [1m[36m (21.3ms)[0m  [1mALTER TABLE "platos" ADD "promedio" float[0m
  [1m[35mSQL (0.3ms)[0m  INSERT INTO "schema_migrations" ("version") VALUES (?)  [["version", "20141029011851"]]
  [1m[36m (125.1ms)[0m  [1mcommit transaction[0m
  [1m[35mActiveRecord::SchemaMigration Load (0.3ms)[0m  SELECT "schema_migrations".* FROM "schema_migrations"


Started GET "/platos" for 127.0.0.1 at 2014-11-01 19:30:13 -0600
  [1m[36mActiveRecord::SchemaMigration Load (0.7ms)[0m  [1mSELECT "schema_migrations".* FROM "schema_migrations"[0m
Processing by PlatosController#index as HTML
  [1m[35mPlato Load (0.5ms)[0m  SELECT "platos".* FROM "platos"
Completed 200 OK in 68ms (Views: 24.1ms | ActiveRecord: 1.0ms)


Started GET "/platos" for 127.0.0.1 at 2014-11-01 19:30:13 -0600
Processing by PlatosController#index as HTML
  [1m[36mPlato Load (0.4ms)[0m  [1mSELECT "platos".* FROM "platos"[0m
Completed 200 OK in 9ms (Views: 8.4ms | ActiveRecord: 0.4ms)


Started GET "/platos?id=1&calificaciones=5&total=20&promedio=4" for 127.0.0.1 at 2014-11-01 19:31:20 -0600
Processing by PlatosController#index as HTML
  Parameters: {"id"=>"1", "calificaciones"=>"5", "total"=>"20", "promedio"=>"4"}
  [1m[35mPlato Load (0.4ms)[0m  SELECT "platos".* FROM "platos"
Completed 200 OK in 8ms (Views: 7.6ms | ActiveRecord: 0.4ms)


Started GET "/platos?c=1&id=1&calificaciones=5&total=20&promedio=4" for 127.0.0.1 at 2014-11-01 19:41:06 -0600
Processing by PlatosController#index as HTML
  Parameters: {"c"=>"1", "id"=>"1", "calificaciones"=>"5", "total"=>"20", "promedio"=>"4"}
  [1m[36mPlato Load (3.6ms)[0m  [1mSELECT "platos".* FROM "platos"[0m
Completed 200 OK in 26ms (Views: 16.7ms | ActiveRecord: 4.2ms)


Started GET "/platos?c=1&id=1&calificaciones=5&total=20&promedio=4" for 127.0.0.1 at 2014-11-01 19:41:06 -0600
Processing by PlatosController#index as HTML
  Parameters: {"c"=>"1", "id"=>"1", "calificaciones"=>"5", "total"=>"20", "promedio"=>"4"}
  [1m[35mPlato Load (0.5ms)[0m  SELECT "platos".* FROM "platos"
Completed 200 OK in 7ms (Views: 5.9ms | ActiveRecord: 0.5ms)


Started POST "/platos?c=1&id=1&calificaciones=5&total=20&promedio=4" for 127.0.0.1 at 2014-11-01 19:41:14 -0600
Processing by PlatosController#create as HTML
  Parameters: {"c"=>"1", "id"=>"1", "calificaciones"=>"5", "total"=>"20", "promedio"=>"4"}
Completed 500 Internal Server Error in 4ms

NameError (undefined local variable or method `comentario_params' for #<PlatosController:0x00000004ccd928>):
  app/controllers/platos_controller.rb:28:in `create'


  Rendered /usr/local/rvm/gems/ruby-2.1.2/gems/actionpack-4.1.6/lib/action_dispatch/middleware/templates/rescues/_source.erb (1.2ms)
  Rendered /usr/local/rvm/gems/ruby-2.1.2/gems/actionpack-4.1.6/lib/action_dispatch/middleware/templates/rescues/_trace.html.erb (1.9ms)
  Rendered /usr/local/rvm/gems/ruby-2.1.2/gems/actionpack-4.1.6/lib/action_dispatch/middleware/templates/rescues/_request_and_response.html.erb (1.7ms)
  Rendered /usr/local/rvm/gems/ruby-2.1.2/gems/actionpack-4.1.6/lib/action_dispatch/middleware/templates/rescues/diagnostics.erb within rescues/layout (27.4ms)


Started POST "/platos?c=1&id=1&calificaciones=5&total=20&promedio=4" for 127.0.0.1 at 2014-11-01 19:41:50 -0600
Processing by PlatosController#create as HTML
  Parameters: {"c"=>"1", "id"=>"1", "calificaciones"=>"5", "total"=>"20", "promedio"=>"4"}
Unpermitted parameters: id
Completed 500 Internal Server Error in 2ms

NoMethodError (undefined method `update' for nil:NilClass):
  app/controllers/platos_controller.rb:28:in `create'


  Rendered /usr/local/rvm/gems/ruby-2.1.2/gems/actionpack-4.1.6/lib/action_dispatch/middleware/templates/rescues/_source.erb (1.0ms)
  Rendered /usr/local/rvm/gems/ruby-2.1.2/gems/actionpack-4.1.6/lib/action_dispatch/middleware/templates/rescues/_trace.html.erb (2.0ms)
  Rendered /usr/local/rvm/gems/ruby-2.1.2/gems/actionpack-4.1.6/lib/action_dispatch/middleware/templates/rescues/_request_and_response.html.erb (1.7ms)
  Rendered /usr/local/rvm/gems/ruby-2.1.2/gems/actionpack-4.1.6/lib/action_dispatch/middleware/templates/rescues/diagnostics.erb within rescues/layout (20.3ms)


Started POST "/platos?c=1&id=1&calificaciones=5&total=20&promedio=4" for 127.0.0.1 at 2014-11-01 19:52:10 -0600
Processing by PlatosController#create as HTML
  Parameters: {"c"=>"1", "id"=>"1", "calificaciones"=>"5", "total"=>"20", "promedio"=>"4"}
  [1m[36mPlato Load (0.3ms)[0m  [1mSELECT  "platos".* FROM "platos"  WHERE "platos"."id" = ? LIMIT 1[0m  [["id", 1]]
  [1m[35m (0.2ms)[0m  begin transaction
  [1m[36mSQL (1.0ms)[0m  [1mUPDATE "platos" SET "calificaciones" = ?, "promedio" = ?, "total" = ?, "updated_at" = ? WHERE "platos"."id" = 1[0m  [["calificaciones", 5], ["promedio", 4.0], ["total", 20], ["updated_at", "2014-11-02 01:52:10.965980"]]
  [1m[35m (141.6ms)[0m  commit transaction
Completed 500 Internal Server Error in 238ms

ActionView::MissingTemplate (Missing template platos/create, application/create with {:locale=>[:en], :formats=>[:html], :variants=>[], :handlers=>[:erb, :builder, :raw, :ruby, :coffee, :jbuilder]}. Searched in:
  * "/home/llamiro/Documents/UCR/II-2014/Inge2/UmenU/api/app/views"
):
  actionview (4.1.6) lib/action_view/path_set.rb:46:in `find'
  actionview (4.1.6) lib/action_view/lookup_context.rb:124:in `find'
  actionview (4.1.6) lib/action_view/renderer/abstract_renderer.rb:18:in `find_template'
  actionview (4.1.6) lib/action_view/renderer/template_renderer.rb:41:in `determine_template'
  actionview (4.1.6) lib/action_view/renderer/template_renderer.rb:8:in `render'
  actionview (4.1.6) lib/action_view/renderer/renderer.rb:42:in `render_template'
  actionview (4.1.6) lib/action_view/renderer/renderer.rb:23:in `render'
  actionview (4.1.6) lib/action_view/rendering.rb:99:in `_render_template'
  actionpack (4.1.6) lib/action_controller/metal/streaming.rb:217:in `_render_template'
  actionview (4.1.6) lib/action_view/rendering.rb:82:in `render_to_body'
  actionpack (4.1.6) lib/action_controller/metal/rendering.rb:32:in `render_to_body'
  actionpack (4.1.6) lib/action_controller/metal/renderers.rb:32:in `render_to_body'
  actionpack (4.1.6) lib/abstract_controller/rendering.rb:25:in `render'
  actionpack (4.1.6) lib/action_controller/metal/rendering.rb:16:in `render'
  actionpack (4.1.6) lib/action_controller/metal/instrumentation.rb:41:in `block (2 levels) in render'
  activesupport (4.1.6) lib/active_support/core_ext/benchmark.rb:12:in `block in ms'
  /usr/local/rvm/rubies/ruby-2.1.2/lib/ruby/2.1.0/benchmark.rb:294:in `realtime'
  activesupport (4.1.6) lib/active_support/core_ext/benchmark.rb:12:in `ms'
  actionpack (4.1.6) lib/action_controller/metal/instrumentation.rb:41:in `block in render'
  actionpack (4.1.6) lib/action_controller/metal/instrumentation.rb:84:in `cleanup_view_runtime'
  activerecord (4.1.6) lib/active_record/railties/controller_runtime.rb:25:in `cleanup_view_runtime'
  actionpack (4.1.6) lib/action_controller/metal/instrumentation.rb:40:in `render'
  actionpack (4.1.6) lib/action_controller/metal/implicit_render.rb:10:in `default_render'
  actionpack (4.1.6) lib/action_controller/metal/implicit_render.rb:5:in `send_action'
  actionpack (4.1.6) lib/abstract_controller/base.rb:189:in `process_action'
  actionpack (4.1.6) lib/action_controller/metal/rendering.rb:10:in `process_action'
  actionpack (4.1.6) lib/abstract_controller/callbacks.rb:20:in `block in process_action'
  activesupport (4.1.6) lib/active_support/callbacks.rb:113:in `call'
  activesupport (4.1.6) lib/active_support/callbacks.rb:113:in `call'
  activesupport (4.1.6) lib/active_support/callbacks.rb:229:in `block in halting'
  activesupport (4.1.6) lib/active_support/callbacks.rb:166:in `call'
  activesupport (4.1.6) lib/active_support/callbacks.rb:166:in `block in halting'
  activesupport (4.1.6) lib/active_support/callbacks.rb:166:in `call'
  activesupport (4.1.6) lib/active_support/callbacks.rb:166:in `block in halting'
  activesupport (4.1.6) lib/active_support/callbacks.rb:86:in `call'
  activesupport (4.1.6) lib/active_support/callbacks.rb:86:in `run_callbacks'
  actionpack (4.1.6) lib/abstract_controller/callbacks.rb:19:in `process_action'
  actionpack (4.1.6) lib/action_controller/metal/rescue.rb:29:in `process_action'
  actionpack (4.1.6) lib/action_controller/metal/instrumentation.rb:31:in `block in process_action'
  activesupport (4.1.6) lib/active_support/notifications.rb:159:in `block in instrument'
  activesupport (4.1.6) lib/active_support/notifications/instrumenter.rb:20:in `instrument'
  activesupport (4.1.6) lib/active_support/notifications.rb:159:in `instrument'
  actionpack (4.1.6) lib/action_controller/metal/instrumentation.rb:30:in `process_action'
  actionpack (4.1.6) lib/action_controller/metal/params_wrapper.rb:250:in `process_action'
  activerecord (4.1.6) lib/active_record/railties/controller_runtime.rb:18:in `process_action'
  actionpack (4.1.6) lib/abstract_controller/base.rb:136:in `process'
  actionview (4.1.6) lib/action_view/rendering.rb:30:in `process'
  actionpack (4.1.6) lib/action_controller/metal.rb:196:in `dispatch'
  actionpack (4.1.6) lib/action_controller/metal/rack_delegation.rb:13:in `dispatch'
  actionpack (4.1.6) lib/action_controller/metal.rb:232:in `block in action'
  actionpack (4.1.6) lib/action_dispatch/routing/route_set.rb:82:in `call'
  actionpack (4.1.6) lib/action_dispatch/routing/route_set.rb:82:in `dispatch'
  actionpack (4.1.6) lib/action_dispatch/routing/route_set.rb:50:in `call'
  actionpack (4.1.6) lib/action_dispatch/journey/router.rb:73:in `block in call'
  actionpack (4.1.6) lib/action_dispatch/journey/router.rb:59:in `each'
  actionpack (4.1.6) lib/action_dispatch/journey/router.rb:59:in `call'
  actionpack (4.1.6) lib/action_dispatch/routing/route_set.rb:678:in `call'
  rack (1.5.2) lib/rack/etag.rb:23:in `call'
  rack (1.5.2) lib/rack/conditionalget.rb:35:in `call'
  rack (1.5.2) lib/rack/head.rb:11:in `call'
  actionpack (4.1.6) lib/action_dispatch/middleware/params_parser.rb:27:in `call'
  activerecord (4.1.6) lib/active_record/query_cache.rb:36:in `call'
  activerecord (4.1.6) lib/active_record/connection_adapters/abstract/connection_pool.rb:621:in `call'
  activerecord (4.1.6) lib/active_record/migration.rb:380:in `call'
  actionpack (4.1.6) lib/action_dispatch/middleware/callbacks.rb:29:in `block in call'
  activesupport (4.1.6) lib/active_support/callbacks.rb:82:in `run_callbacks'
  actionpack (4.1.6) lib/action_dispatch/middleware/callbacks.rb:27:in `call'
  actionpack (4.1.6) lib/action_dispatch/middleware/reloader.rb:73:in `call'
  actionpack (4.1.6) lib/action_dispatch/middleware/remote_ip.rb:76:in `call'
  actionpack (4.1.6) lib/action_dispatch/middleware/debug_exceptions.rb:17:in `call'
  actionpack (4.1.6) lib/action_dispatch/middleware/show_exceptions.rb:30:in `call'
  railties (4.1.6) lib/rails/rack/logger.rb:38:in `call_app'
  railties (4.1.6) lib/rails/rack/logger.rb:20:in `block in call'
  activesupport (4.1.6) lib/active_support/tagged_logging.rb:68:in `block in tagged'
  activesupport (4.1.6) lib/active_support/tagged_logging.rb:26:in `tagged'
  activesupport (4.1.6) lib/active_support/tagged_logging.rb:68:in `tagged'
  railties (4.1.6) lib/rails/rack/logger.rb:20:in `call'
  actionpack (4.1.6) lib/action_dispatch/middleware/request_id.rb:21:in `call'
  rack (1.5.2) lib/rack/runtime.rb:17:in `call'
  activesupport (4.1.6) lib/active_support/cache/strategy/local_cache_middleware.rb:26:in `call'
  rack (1.5.2) lib/rack/lock.rb:17:in `call'
  actionpack (4.1.6) lib/action_dispatch/middleware/static.rb:64:in `call'
  railties (4.1.6) lib/rails/engine.rb:514:in `call'
  railties (4.1.6) lib/rails/application.rb:144:in `call'
  rack (1.5.2) lib/rack/lock.rb:17:in `call'
  rack (1.5.2) lib/rack/content_length.rb:14:in `call'
  rack (1.5.2) lib/rack/handler/webrick.rb:60:in `service'
  /usr/local/rvm/rubies/ruby-2.1.2/lib/ruby/2.1.0/webrick/httpserver.rb:138:in `service'
  /usr/local/rvm/rubies/ruby-2.1.2/lib/ruby/2.1.0/webrick/httpserver.rb:94:in `run'
  /usr/local/rvm/rubies/ruby-2.1.2/lib/ruby/2.1.0/webrick/server.rb:295:in `block in start_thread'


  Rendered /usr/local/rvm/gems/ruby-2.1.2/gems/actionpack-4.1.6/lib/action_dispatch/middleware/templates/rescues/missing_template.html.erb within rescues/layout (0.7ms)


Started POST "/platos?c=1&id=1&calificaciones=5&total=20&promedio=4" for 127.0.0.1 at 2014-11-01 19:53:09 -0600
Processing by PlatosController#create as HTML
  Parameters: {"c"=>"1", "id"=>"1", "calificaciones"=>"5", "total"=>"20", "promedio"=>"4"}
  [1m[36mPlato Load (0.2ms)[0m  [1mSELECT  "platos".* FROM "platos"  WHERE "platos"."id" = ? LIMIT 1[0m  [["id", 1]]
  [1m[35m (0.1ms)[0m  begin transaction
  [1m[36m (0.1ms)[0m  [1mcommit transaction[0m
Completed 201 Created in 18ms (Views: 0.3ms | ActiveRecord: 1.3ms)


Started GET "/platos/1" for 127.0.0.1 at 2014-11-01 19:53:28 -0600
Processing by PlatosController#show as HTML
  Parameters: {"id"=>"1"}
  [1m[35mPlato Load (0.3ms)[0m  SELECT  "platos".* FROM "platos"  WHERE "platos"."id" = ? LIMIT 1  [["id", 1]]
  [1m[36mComentario Load (0.3ms)[0m  [1mSELECT  "comentarios".* FROM "comentarios"  WHERE "comentarios"."plato_id" = ?  ORDER BY "comentarios"."id" ASC LIMIT 1[0m  [["plato_id", 1]]
Completed 200 OK in 101ms (Views: 0.4ms | ActiveRecord: 1.0ms)


Started GET "/platos/1" for 127.0.0.1 at 2014-11-01 19:53:29 -0600
Processing by PlatosController#show as HTML
  Parameters: {"id"=>"1"}
  [1m[35mPlato Load (0.2ms)[0m  SELECT  "platos".* FROM "platos"  WHERE "platos"."id" = ? LIMIT 1  [["id", 1]]
  [1m[36mComentario Load (0.1ms)[0m  [1mSELECT  "comentarios".* FROM "comentarios"  WHERE "comentarios"."plato_id" = ?  ORDER BY "comentarios"."id" ASC LIMIT 1[0m  [["plato_id", 1]]
Completed 200 OK in 3ms (Views: 0.3ms | ActiveRecord: 0.2ms)
